<?xml version="1.0" encoding="UTF-8"?>
<testng-results ignored="0" total="1" passed="1" failed="0" skipped="0">
  <reporter-output>
  </reporter-output>
  <suite started-at="2022-11-15T14:14:27 EST" name="Default suite" finished-at="2022-11-15T14:14:49 EST" duration-ms="21830">
    <groups>
    </groups>
    <test started-at="2022-11-15T14:14:27 EST" name="Default test" finished-at="2022-11-15T14:14:49 EST" duration-ms="21830">
      <class name="BootCamp2022.ExpediaWebSiteBootCamp.ExpidaWebSiteTest">
        <test-method is-config="true" signature="BeforeClass()[pri:0, instance:BootCamp2022.ExpediaWebSiteBootCamp.ExpidaWebSiteTest@1e6a3214]" started-at="2022-11-15T14:14:27 EST" name="BeforeClass" finished-at="2022-11-15T14:14:38 EST" duration-ms="10878" status="PASS">
          <reporter-output>
          </reporter-output>
        </test-method> <!-- BeforeClass -->
        <test-method signature="f()[pri:0, instance:BootCamp2022.ExpediaWebSiteBootCamp.ExpidaWebSiteTest@1e6a3214]" started-at="2022-11-15T14:14:38 EST" name="f" finished-at="2022-11-15T14:14:49 EST" duration-ms="10902" status="PASS">
          <reporter-output>
          </reporter-output>
        </test-method> <!-- f -->
        <test-method is-config="true" signature="Afterclass()[pri:0, instance:BootCamp2022.ExpediaWebSiteBootCamp.ExpidaWebSiteTest@1e6a3214]" started-at="2022-11-15T14:14:49 EST" name="Afterclass" finished-at="2022-11-15T14:14:49 EST" duration-ms="1" status="PASS">
          <reporter-output>
          </reporter-output>
        </test-method> <!-- Afterclass -->
      </class> <!-- BootCamp2022.ExpediaWebSiteBootCamp.ExpidaWebSiteTest -->
    </test> <!-- Default test -->
  </suite> <!-- Default suite -->
</testng-results>
